make all --print-data-base --no-builtin-variables --no-builtin-rules --question
# GNU Make 4.2.1
# Built for x86_64-pc-linux-gnu
# Copyright (C) 1988-2016 Free Software Foundation, Inc.
# License GPLv3+: GNU GPL version 3 or later <http://gnu.org/licenses/gpl.html>
# This is free software: you are free to change and redistribute it.
# There is NO WARRANTY, to the extent permitted by law.

# Make data base, printed on Mon Jul 11 15:49:21 2022

# Variables

# 'override' directive
GNUMAKEFLAGS :=
# automatic
<D = $(patsubst %/,%,$(dir $<))
# automatic
?F = $(notdir $?)
# environment
DESKTOP_SESSION = ubuntu
# default
.SHELLFLAGS := -c
# environment
XDG_SESSION_CLASS = user
# environment
XDG_SESSION_TYPE = x11
# automatic
?D = $(patsubst %/,%,$(dir $?))
# environment
IM_CONFIG_PHASE = 1
# automatic
@D = $(patsubst %/,%,$(dir $@))
# environment
XAUTHORITY = /run/user/1000/gdm/Xauthority
# environment
GDMSESSION = ubuntu
# environment
XMODIFIERS = @im=ibus
# makefile
CURDIR := /home/vlashm/_devops/otus/Vlashm_microservices
# makefile
SHELL = /bin/sh
# environment
VSCODE_NLS_CONFIG = {"locale":"ru","availableLanguages":{"*":"ru"},"_languagePackId":"4165c719fdf7a78444ed970b4565033b.ru","_translationsConfigFile":"/home/vlashm/.config/Code/clp/4165c719fdf7a78444ed970b4565033b.ru/tcf.json","_cacheRoot":"/home/vlashm/.config/Code/clp/4165c719fdf7a78444ed970b4565033b.ru","_resolvedLanguagePackCoreLocation":"/home/vlashm/.config/Code/clp/4165c719fdf7a78444ed970b4565033b.ru/92d25e35d9bf1a6b16f7d0758f25d48ace11e5b9","_corruptedFile":"/home/vlashm/.config/Code/clp/4165c719fdf7a78444ed970b4565033b.ru/corrupted.info","_languagePackSupport":true}
# environment
_ = /usr/share/code/code
# environment
JOURNAL_STREAM = 8:40285
# environment
XDG_CONFIG_DIRS = /etc/xdg/xdg-ubuntu:/etc/xdg
# makefile (from 'Makefile', line 1)
MAKEFILE_LIST :=  Makefile
# automatic
@F = $(notdir $@)
# environment
GIO_LAUNCHED_DESKTOP_FILE = /usr/share/applications/code.desktop
# environment
USERNAME = vlashm
# environment
XDG_DATA_DIRS = /usr/share/ubuntu:/usr/local/share/:/usr/share/:/var/lib/snapd/desktop
# environment
DBUS_SESSION_BUS_ADDRESS = unix:path=/run/user/1000/bus
# environment
MANAGERPID = 1088
# environment
VSCODE_CWD = /home/vlashm
# default
MAKE_HOST := x86_64-pc-linux-gnu
# environment
PATH = /home/vlashm/yandex-cloud/bin:/home/vlashm/.local/bin:/usr/local/sbin:/usr/local/bin:/usr/sbin:/usr/bin:/sbin:/bin:/usr/games:/usr/local/games:/snap/bin
# environment
GPG_AGENT_INFO = /run/user/1000/gnupg/S.gpg-agent:0:1
# environment
LSCOLORS = Gxfxcxdxbxegedabagacad
# environment
SESSION_MANAGER = local/vlad-HP:@/tmp/.ICE-unix/1492,unix/vlad-HP:/tmp/.ICE-unix/1492
# environment
XDG_RUNTIME_DIR = /run/user/1000
# environment
XDG_MENU_PREFIX = gnome-
# environment
ELECTRON_RUN_AS_NODE = 1
# environment
INVOCATION_ID = 90f9ab3fc021464a84d765d05a34e8d0
# default
.FEATURES := target-specific order-only second-expansion else-if shortest-stem undefine oneshell archives jobserver output-sync check-symlink load
# environment
LS_COLORS =
# environment
XDG_SESSION_DESKTOP = ubuntu
# environment
SSH_AUTH_SOCK = /run/user/1000/keyring/ssh
# environment
GIO_LAUNCHED_DESKTOP_FILE_PID = 163013
# automatic
%F = $(notdir $%)
# environment
DISPLAY = :0
# environment
PWD = /home/vlashm/_devops/otus/Vlashm_microservices
# default
.LOADED :=
# environment
SSH_AGENT_PID = 1457
# environment
ORIGINAL_XDG_CURRENT_DESKTOP = ubuntu:GNOME
# environment
GTK_MODULES = gail:atk-bridge
# environment
VSCODE_AMD_ENTRYPOINT = vs/workbench/api/node/extensionHostProcess
# environment
HOME = /home/vlashm
# environment
VSCODE_CODE_CACHE_PATH = /home/vlashm/.config/Code/CachedData/92d25e35d9bf1a6b16f7d0758f25d48ace11e5b9
# environment
LOGNAME = vlashm
# environment
APPLICATION_INSIGHTS_NO_DIAGNOSTIC_CHANNEL = 1
# environment
ZSH = /home/vlashm/.oh-my-zsh
# makefile (from 'Makefile', line 4)
USER_NAME = vlashm
# environment
VSCODE_HANDLES_UNCAUGHT_ERRORS = true
# environment
GNOME_DESKTOP_SESSION_ID = this-is-deprecated
# automatic
^D = $(patsubst %/,%,$(dir $^))
# environment
MAKELEVEL := 0
# default
MAKE = $(MAKE_COMMAND)
# default
MAKECMDGOALS := all
# environment
QT_IM_MODULE = ibus
# environment
SHLVL = 0
# environment
GNOME_SHELL_SESSION_MODE = ubuntu
# default
MAKE_VERSION := 4.2.1
# environment
USER = vlashm
# makefile (from 'Makefile', line 1)
.DEFAULT_GOAL := help
# environment
XDG_CURRENT_DESKTOP = Unity
# environment
LESS = -R
# automatic
%D = $(patsubst %/,%,$(dir $%))
# default
MAKE_COMMAND := make
# environment
OLDPWD = /home/vlashm
# default
.VARIABLES :=
# automatic
*F = $(notdir $*)
# environment
VSCODE_IPC_HOOK = /run/user/1000/vscode-a89cef5b-1.69.0-main.sock
# makefile
MAKEFLAGS = pqrR
# environment
MFLAGS = -pqrR
# automatic
*D = $(patsubst %/,%,$(dir $*))
# automatic
+D = $(patsubst %/,%,$(dir $+))
# environment
GDK_BACKEND = x11
# automatic
+F = $(notdir $+)
# environment
QT_ACCESSIBILITY = 1
# default
MAKEFILES :=
# automatic
<F = $(notdir $<)
# environment
PAGER = less
# environment
LC_ALL = C
# environment
GJS_DEBUG_TOPICS = JS ERROR;JS LOG
# automatic
^F = $(notdir $^)
# default
SUFFIXES :=
# environment
CHROME_DESKTOP = code-url-handler.desktop
# environment
WINDOWPATH = 2
# default
.INCLUDE_DIRS = /usr/include /usr/local/include /usr/include
# environment
GJS_DEBUG_OUTPUT = stderr
# default
.RECIPEPREFIX :=
# environment
LANG = C
# environment
VSCODE_PID = 163013
# variable set hash-table stats:
# Load=96/1024=9%, Rehash=0, Collisions=15/127=12%

# Pattern-specific Variable Values

# No pattern-specific variable values.

# Directories

# . (device 66306, inode 19665639): 18 files, no impossibilities.

# 18 files, no impossibilities in 1 directories.

# Implicit Rules

# No implicit rules.

# Files

push_post:
#  Implicit rule search has not been done.
#  Modification time never checked.
#  File has not been updated.
#  recipe to execute (from 'Makefile', line 57):
	docker push $(USER_NAME)/post

all: build_all push_all
#  Phony target (prerequisite of .PHONY).
#  Command line target.
#  Implicit rule search has not been done.
#  File does not exist.
#  File has been updated.
#  Needs to be updated (-q is set).
# variable set hash-table stats:
# Load=0/32=0%, Rehash=0, Collisions=0/5=0%

push_prometheus:
#  Implicit rule search has not been done.
#  Modification time never checked.
#  File has not been updated.
#  recipe to execute (from 'Makefile', line 51):
	docker push $(USER_NAME)/prometheus

build_post:
#  Implicit rule search has not been done.
#  Modification time never checked.
#  File has not been updated.
#  recipe to execute (from 'Makefile', line 22):
	@echo `git show --format="%h" HEAD | head -1` > $(CURDIR)/src/post-py/build_info.txt
	@echo `git rev-parse --abbrev-ref HEAD` >> $(CURDIR)/src/post-py/build_info.txt
	docker build -t $(USER_NAME)/post $(CURDIR)/src/post-py

.PHONY: all help
#  Implicit rule search has not been done.
#  Modification time never checked.
#  File has not been updated.

push_comment:
#  Implicit rule search has not been done.
#  Modification time never checked.
#  File has not been updated.
#  recipe to execute (from 'Makefile', line 60):
	docker push $(USER_NAME)/comment

build_prometheus:
#  Implicit rule search has not been done.
#  Implicit/static pattern stem: ''
#  File does not exist.
#  File has been updated.
#  Needs to be updated (-q is set).
# automatic
# @ := build_prometheus
# automatic
# % :=
# automatic
# * :=

# automatic
# + :=
# automatic
# | :=
# automatic
# < :=
# automatic
# ^ :=
# automatic
# ? :=
# variable set hash-table stats:
# Load=8/32=25%, Rehash=0, Collisions=2/13=15%
#  recipe to execute (from 'Makefile', line 14):
	docker build -t $(USER_NAME)/prometheus $(CURDIR)/monitoring/prometheus

build_comment:
#  Implicit rule search has not been done.
#  Modification time never checked.
#  File has not been updated.
#  recipe to execute (from 'Makefile', line 27):
	@echo `git show --format="%h" HEAD | head -1` > $(CURDIR)/src/comment/build_info.txt
	@echo `git rev-parse --abbrev-ref HEAD` >> $(CURDIR)/src/comment/build_info.txt
	docker build -t $(USER_NAME)/comment $(CURDIR)/src/comment

# Not a target:
.SUFFIXES:
#  Implicit rule search has not been done.
#  Modification time never checked.
#  File has not been updated.

build_all_bugged: build_ui_bugged build_comment_bugged build_post_bugged
#  Implicit rule search has not been done.
#  Modification time never checked.
#  File has not been updated.

# Not a target:
Makefile:
#  Implicit rule search has been done.
#  Last modified 2022-07-02 17:42:35.330706132
#  File has been updated.
#  Successfully updated.

down_app:
#  Implicit rule search has not been done.
#  Modification time never checked.
#  File has not been updated.
#  recipe to execute (from 'Makefile', line 66):
	docker compose -f $(CURDIR)/docker/docker-compose.yml down

push_all: push_prometheus push_ui push_post push_comment
#  Implicit rule search has not been done.
#  Modification time never checked.
#  File has not been updated.

help:
#  Phony target (prerequisite of .PHONY).
#  Implicit rule search has not been done.
#  File does not exist.
#  File has not been updated.
#  recipe to execute (from 'Makefile', line 7):
	@grep -E '^[a-zA-Z_-]+:.*?## .*$$' $(MAKEFILE_LIST) | sort | awk 'BEGIN {FS = ":.*?## "}; {printf "\033[36m%-16s\033[0m %s\n", $$1, $$2}'

build_all: build_prometheus build_ui build_comment build_post
#  Implicit rule search has been done.
#  File does not exist.
#  File has been updated.
#  Needs to be updated (-q is set).
# variable set hash-table stats:
# Load=0/32=0%, Rehash=0, Collisions=0/5=0%

build_ui_bugged:
#  Implicit rule search has not been done.
#  Modification time never checked.
#  File has not been updated.
#  recipe to execute (from 'Makefile', line 34):
	@echo `git show --format="%h" HEAD | head -1` > $(CURDIR)/src-bugged/ui/build_info.txt
	@echo `git rev-parse --abbrev-ref HEAD` >> $(CURDIR)/src-bugged/ui/build_info.txt
	docker build -t $(USER_NAME)/ui:bugged $(CURDIR)/src-bugged/ui

# Not a target:
.DEFAULT:
#  Implicit rule search has not been done.
#  Modification time never checked.
#  File has not been updated.

start_app:
#  Implicit rule search has not been done.
#  Modification time never checked.
#  File has not been updated.
#  recipe to execute (from 'Makefile', line 63):
	docker compose -f $(CURDIR)/docker/docker-compose.yml up -d

push_ui:
#  Implicit rule search has not been done.
#  Modification time never checked.
#  File has not been updated.
#  recipe to execute (from 'Makefile', line 54):
	docker push $(USER_NAME)/ui

build_ui:
#  Implicit rule search has not been done.
#  Modification time never checked.
#  File has not been updated.
#  recipe to execute (from 'Makefile', line 17):
	@echo `git show --format="%h" HEAD | head -1` > $(CURDIR)/src/ui/build_info.txt
	@echo `git rev-parse --abbrev-ref HEAD` >> $(CURDIR)/src/ui/build_info.txt
	docker build -t $(USER_NAME)/ui $(CURDIR)/src/ui

build_post_bugged:
#  Implicit rule search has not been done.
#  Modification time never checked.
#  File has not been updated.
#  recipe to execute (from 'Makefile', line 39):
	@echo `git show --format="%h" HEAD | head -1` > $(CURDIR)/src-bugged/post-py/build_info.txt
	@echo `git rev-parse --abbrev-ref HEAD` >> $(CURDIR)/src-bugged/post-py/build_info.txt
	docker build -t $(USER_NAME)/post:bugged $(CURDIR)/src-bugged/post-py

build_comment_bugged:
#  Implicit rule search has not been done.
#  Modification time never checked.
#  File has not been updated.
#  recipe to execute (from 'Makefile', line 44):
	@echo `git show --format="%h" HEAD | head -1` > $(CURDIR)/src-bugged/comment/build_info.txt
	@echo `git rev-parse --abbrev-ref HEAD` >> $(CURDIR)/src-bugged/comment/build_info.txt
	docker build -t $(USER_NAME)/comment:bugged $(CURDIR)/src-bugged/comment

# files hash-table stats:
# Load=22/1024=2%, Rehash=0, Collisions=0/63=0%
# VPATH Search Paths

# No 'vpath' search paths.

# No general ('VPATH' variable) search path.

# strcache buffers: 1 (0) / strings = 41 / storage = 423 B / avg = 10 B
# current buf: size = 8162 B / used = 423 B / count = 41 / avg = 10 B

# strcache performance: lookups = 81 / hit rate = 49%
# hash-table stats:
# Load=41/8192=1%, Rehash=0, Collisions=1/81=1%
# Finished Make data base on Mon Jul 11 15:49:22 2022
